{"/home/suttipongse/Work/self/mini-blog-backend/src/auth/auth.controller.ts": {"path":"/home/suttipongse/Work/self/mini-blog-backend/src/auth/auth.controller.ts","statementMap":{"0":{"start":{"line":1,"column":0},"end":{"line":1,"column":67}},"1":{"start":{"line":2,"column":0},"end":{"line":2,"column":45}},"2":{"start":{"line":3,"column":0},"end":{"line":3,"column":93}},"3":{"start":{"line":5,"column":0},"end":{"line":5,"column":45}},"4":{"start":{"line":6,"column":0},"end":{"line":6,"column":57}},"5":{"start":{"line":7,"column":0},"end":{"line":7,"column":54}},"6":{"start":{"line":12,"column":0},"end":{"line":23,"column":null}},"7":{"start":{"line":13,"column":31},"end":{"line":13,"column":44}},"8":{"start":{"line":21,"column":4},"end":{"line":21,"column":73}},"9":{"start":{"line":20,"column":2},"end":{"line":22,"column":null}},"10":{"start":{"line":12,"column":13},"end":{"line":23,"column":null}},"11":{"start":{"line":12,"column":13},"end":{"line":12,"column":27}}},"fnMap":{"0":{"name":"(anonymous_4)","decl":{"start":{"line":13,"column":2},"end":{"line":13,"column":31}},"loc":{"start":{"line":13,"column":55},"end":{"line":13,"column":59}}},"1":{"name":"(anonymous_5)","decl":{"start":{"line":20,"column":2},"end":{"line":20,"column":7}},"loc":{"start":{"line":20,"column":42},"end":{"line":22,"column":3}}}},"branchMap":{},"s":{"0":1,"1":1,"2":1,"3":1,"4":1,"5":1,"6":1,"7":3,"8":2,"9":1,"10":1,"11":1},"f":{"0":3,"1":2},"b":{}}
,"/home/suttipongse/Work/self/mini-blog-backend/src/auth/auth.service.ts": {"path":"/home/suttipongse/Work/self/mini-blog-backend/src/auth/auth.service.ts","statementMap":{"0":{"start":{"line":1,"column":0},"end":{"line":1,"column":44}},"1":{"start":{"line":2,"column":0},"end":{"line":2,"column":41}},"2":{"start":{"line":3,"column":0},"end":{"line":3,"column":54}},"3":{"start":{"line":7,"column":0},"end":{"line":37,"column":null}},"4":{"start":{"line":9,"column":12},"end":{"line":9,"column":26}},"5":{"start":{"line":10,"column":12},"end":{"line":10,"column":24}},"6":{"start":{"line":14,"column":17},"end":{"line":14,"column":66}},"7":{"start":{"line":15,"column":4},"end":{"line":18,"column":null}},"8":{"start":{"line":16,"column":27},"end":{"line":16,"column":49}},"9":{"start":{"line":17,"column":6},"end":{"line":17,"column":54}},"10":{"start":{"line":19,"column":4},"end":{"line":19,"column":16}},"11":{"start":{"line":23,"column":22},"end":{"line":23,"column":26}},"12":{"start":{"line":25,"column":24},"end":{"line":30,"column":null}},"13":{"start":{"line":32,"column":4},"end":{"line":35,"column":6}},"14":{"start":{"line":7,"column":13},"end":{"line":37,"column":null}},"15":{"start":{"line":7,"column":13},"end":{"line":7,"column":24}}},"fnMap":{"0":{"name":"(anonymous_2)","decl":{"start":{"line":8,"column":2},"end":{"line":8,"column":null}},"loc":{"start":{"line":10,"column":34},"end":{"line":11,"column":7}}},"1":{"name":"(anonymous_3)","decl":{"start":{"line":13,"column":2},"end":{"line":13,"column":7}},"loc":{"start":{"line":13,"column":55},"end":{"line":20,"column":3}}},"2":{"name":"(anonymous_4)","decl":{"start":{"line":22,"column":2},"end":{"line":22,"column":13}},"loc":{"start":{"line":22,"column":26},"end":{"line":36,"column":3}}}},"branchMap":{"0":{"loc":{"start":{"line":15,"column":4},"end":{"line":18,"column":null}},"type":"if","locations":[{"start":{"line":15,"column":4},"end":{"line":18,"column":null}},{"start":{"line":15,"column":4},"end":{"line":18,"column":null}}]}},"s":{"0":2,"1":2,"2":2,"3":2,"4":6,"5":6,"6":3,"7":3,"8":1,"9":1,"10":2,"11":2,"12":2,"13":2,"14":2,"15":2},"f":{"0":6,"1":3,"2":2},"b":{"0":[1,2]}}
,"/home/suttipongse/Work/self/mini-blog-backend/src/cards/cards.controller.ts": {"path":"/home/suttipongse/Work/self/mini-blog-backend/src/cards/cards.controller.ts","statementMap":{"0":{"start":{"line":1,"column":0},"end":{"line":1,"column":101}},"1":{"start":{"line":2,"column":0},"end":{"line":2,"column":94}},"2":{"start":{"line":3,"column":0},"end":{"line":3,"column":47}},"3":{"start":{"line":4,"column":0},"end":{"line":4,"column":45}},"4":{"start":{"line":5,"column":0},"end":{"line":5,"column":45}},"5":{"start":{"line":6,"column":0},"end":{"line":6,"column":47}},"6":{"start":{"line":7,"column":0},"end":{"line":7,"column":54}},"7":{"start":{"line":12,"column":0},"end":{"line":59,"column":null}},"8":{"start":{"line":13,"column":31},"end":{"line":13,"column":45}},"9":{"start":{"line":13,"column":67},"end":{"line":13,"column":81}},"10":{"start":{"line":20,"column":18},"end":{"line":20,"column":51}},"11":{"start":{"line":21,"column":19},"end":{"line":21,"column":143}},"12":{"start":{"line":21,"column":70},"end":{"line":21,"column":141}},"13":{"start":{"line":22,"column":4},"end":{"line":22,"column":null}},"14":{"start":{"line":31,"column":4},"end":{"line":31,"column":42}},"15":{"start":{"line":39,"column":4},"end":{"line":39,"column":47}},"16":{"start":{"line":48,"column":4},"end":{"line":48,"column":51}},"17":{"start":{"line":57,"column":4},"end":{"line":57,"column":49}},"18":{"start":{"line":19,"column":2},"end":{"line":23,"column":null}},"19":{"start":{"line":30,"column":2},"end":{"line":32,"column":null}},"20":{"start":{"line":38,"column":2},"end":{"line":40,"column":null}},"21":{"start":{"line":47,"column":2},"end":{"line":49,"column":null}},"22":{"start":{"line":56,"column":2},"end":{"line":58,"column":null}},"23":{"start":{"line":12,"column":13},"end":{"line":59,"column":null}},"24":{"start":{"line":12,"column":13},"end":{"line":12,"column":28}}},"fnMap":{"0":{"name":"(anonymous_4)","decl":{"start":{"line":13,"column":2},"end":{"line":13,"column":31}},"loc":{"start":{"line":13,"column":93},"end":{"line":13,"column":99}}},"1":{"name":"(anonymous_5)","decl":{"start":{"line":19,"column":2},"end":{"line":19,"column":7}},"loc":{"start":{"line":19,"column":13},"end":{"line":23,"column":3}}},"2":{"name":"(anonymous_6)","decl":{"start":{"line":21,"column":47},"end":{"line":21,"column":52}},"loc":{"start":{"line":21,"column":70},"end":{"line":21,"column":141}}},"3":{"name":"(anonymous_7)","decl":{"start":{"line":30,"column":2},"end":{"line":30,"column":7}},"loc":{"start":{"line":30,"column":40},"end":{"line":32,"column":3}}},"4":{"name":"(anonymous_8)","decl":{"start":{"line":38,"column":2},"end":{"line":38,"column":7}},"loc":{"start":{"line":38,"column":60},"end":{"line":40,"column":3}}},"5":{"name":"(anonymous_9)","decl":{"start":{"line":47,"column":2},"end":{"line":47,"column":7}},"loc":{"start":{"line":47,"column":85},"end":{"line":49,"column":3}}},"6":{"name":"(anonymous_10)","decl":{"start":{"line":56,"column":2},"end":{"line":56,"column":7}},"loc":{"start":{"line":56,"column":59},"end":{"line":58,"column":3}}}},"branchMap":{},"s":{"0":1,"1":1,"2":1,"3":1,"4":1,"5":1,"6":1,"7":1,"8":12,"9":12,"10":3,"11":3,"12":6,"13":3,"14":2,"15":2,"16":2,"17":2,"18":1,"19":1,"20":1,"21":1,"22":1,"23":1,"24":1},"f":{"0":12,"1":3,"2":6,"3":2,"4":2,"5":2,"6":2},"b":{}}
,"/home/suttipongse/Work/self/mini-blog-backend/src/cards/cards.service.ts": {"path":"/home/suttipongse/Work/self/mini-blog-backend/src/cards/cards.service.ts","statementMap":{"0":{"start":{"line":1,"column":0},"end":{"line":1,"column":44}},"1":{"start":{"line":2,"column":0},"end":{"line":2,"column":42}},"2":{"start":{"line":3,"column":0},"end":{"line":3,"column":51}},"3":{"start":{"line":4,"column":0},"end":{"line":4,"column":45}},"4":{"start":{"line":6,"column":0},"end":{"line":6,"column":35}},"5":{"start":{"line":9,"column":0},"end":{"line":42,"column":null}},"6":{"start":{"line":12,"column":21},"end":{"line":12,"column":38}},"7":{"start":{"line":16,"column":4},"end":{"line":16,"column":41}},"8":{"start":{"line":20,"column":4},"end":{"line":20,"column":68}},"9":{"start":{"line":24,"column":17},"end":{"line":24,"column":28}},"10":{"start":{"line":25,"column":4},"end":{"line":25,"column":null}},"11":{"start":{"line":26,"column":4},"end":{"line":26,"column":null}},"12":{"start":{"line":27,"column":4},"end":{"line":27,"column":null}},"13":{"start":{"line":28,"column":4},"end":{"line":28,"column":null}},"14":{"start":{"line":29,"column":4},"end":{"line":29,"column":null}},"15":{"start":{"line":30,"column":4},"end":{"line":30,"column":43}},"16":{"start":{"line":34,"column":17},"end":{"line":34,"column":171}},"17":{"start":{"line":35,"column":4},"end":{"line":35,"column":null}},"18":{"start":{"line":39,"column":17},"end":{"line":39,"column":127}},"19":{"start":{"line":40,"column":4},"end":{"line":40,"column":null}},"20":{"start":{"line":9,"column":13},"end":{"line":42,"column":null}},"21":{"start":{"line":9,"column":13},"end":{"line":9,"column":25}}},"fnMap":{"0":{"name":"(anonymous_4)","decl":{"start":{"line":10,"column":2},"end":{"line":10,"column":null}},"loc":{"start":{"line":12,"column":60},"end":{"line":13,"column":7}}},"1":{"name":"(anonymous_5)","decl":{"start":{"line":15,"column":2},"end":{"line":15,"column":7}},"loc":{"start":{"line":15,"column":15},"end":{"line":17,"column":3}}},"2":{"name":"(anonymous_6)","decl":{"start":{"line":19,"column":2},"end":{"line":19,"column":7}},"loc":{"start":{"line":19,"column":28},"end":{"line":21,"column":3}}},"3":{"name":"(anonymous_7)","decl":{"start":{"line":23,"column":2},"end":{"line":23,"column":7}},"loc":{"start":{"line":23,"column":46},"end":{"line":31,"column":3}}},"4":{"name":"(anonymous_8)","decl":{"start":{"line":33,"column":2},"end":{"line":33,"column":7}},"loc":{"start":{"line":33,"column":59},"end":{"line":36,"column":3}}},"5":{"name":"(anonymous_9)","decl":{"start":{"line":38,"column":2},"end":{"line":38,"column":7}},"loc":{"start":{"line":38,"column":44},"end":{"line":41,"column":3}}}},"branchMap":{"0":{"loc":{"start":{"line":35,"column":15},"end":{"line":35,"column":17}},"type":"cond-expr","locations":[{"start":{"line":35,"column":15},"end":{"line":35,"column":17}},{"start":{"line":35,"column":11},"end":{"line":35,"column":22}}]},"1":{"loc":{"start":{"line":35,"column":11},"end":{"line":35,"column":17}},"type":"binary-expr","locations":[{"start":{"line":35,"column":11},"end":{"line":35,"column":17}},{"start":{"line":35,"column":11},"end":{"line":35,"column":17}}]},"2":{"loc":{"start":{"line":40,"column":15},"end":{"line":40,"column":17}},"type":"cond-expr","locations":[{"start":{"line":40,"column":15},"end":{"line":40,"column":17}},{"start":{"line":40,"column":11},"end":{"line":40,"column":22}}]},"3":{"loc":{"start":{"line":40,"column":11},"end":{"line":40,"column":17}},"type":"binary-expr","locations":[{"start":{"line":40,"column":11},"end":{"line":40,"column":17}},{"start":{"line":40,"column":11},"end":{"line":40,"column":17}}]}},"s":{"0":2,"1":2,"2":2,"3":2,"4":2,"5":2,"6":11,"7":2,"8":2,"9":2,"10":2,"11":2,"12":2,"13":2,"14":2,"15":2,"16":2,"17":2,"18":2,"19":2,"20":2,"21":2},"f":{"0":11,"1":2,"2":2,"3":2,"4":2,"5":2},"b":{"0":[0,2],"1":[2,2],"2":[0,2],"3":[2,2]}}
,"/home/suttipongse/Work/self/mini-blog-backend/src/cards/dto/cards.input.ts": {"path":"/home/suttipongse/Work/self/mini-blog-backend/src/cards/dto/cards.input.ts","statementMap":{"0":{"start":{"line":1,"column":0},"end":{"line":1,"column":45}},"1":{"start":{"line":5,"column":2},"end":{"line":5,"column":null}},"2":{"start":{"line":7,"column":2},"end":{"line":7,"column":null}},"3":{"start":{"line":9,"column":2},"end":{"line":9,"column":null}},"4":{"start":{"line":11,"column":2},"end":{"line":11,"column":null}},"5":{"start":{"line":3,"column":0},"end":{"line":3,"column":13}}},"fnMap":{},"branchMap":{},"s":{"0":2,"1":2,"2":2,"3":2,"4":2,"5":2},"f":{},"b":{}}
,"/home/suttipongse/Work/self/mini-blog-backend/src/cards/models/cards.model.ts": {"path":"/home/suttipongse/Work/self/mini-blog-backend/src/cards/models/cards.model.ts","statementMap":{"0":{"start":{"line":1,"column":0},"end":{"line":1,"column":93}},"1":{"start":{"line":2,"column":0},"end":{"line":2,"column":35}},"2":{"start":{"line":3,"column":0},"end":{"line":3,"column":46}},"3":{"start":{"line":6,"column":0},"end":{"line":38,"column":null}},"4":{"start":{"line":9,"column":2},"end":{"line":9,"column":null}},"5":{"start":{"line":13,"column":2},"end":{"line":13,"column":null}},"6":{"start":{"line":17,"column":2},"end":{"line":17,"column":null}},"7":{"start":{"line":21,"column":2},"end":{"line":21,"column":null}},"8":{"start":{"line":25,"column":2},"end":{"line":25,"column":null}},"9":{"start":{"line":29,"column":2},"end":{"line":29,"column":null}},"10":{"start":{"line":33,"column":2},"end":{"line":33,"column":null}},"11":{"start":{"line":37,"column":2},"end":{"line":37,"column":null}},"12":{"start":{"line":6,"column":13},"end":{"line":38,"column":null}},"13":{"start":{"line":6,"column":13},"end":{"line":6,"column":18}}},"fnMap":{},"branchMap":{},"s":{"0":2,"1":2,"2":2,"3":2,"4":2,"5":2,"6":2,"7":2,"8":2,"9":2,"10":2,"11":2,"12":2,"13":2},"f":{},"b":{}}
,"/home/suttipongse/Work/self/mini-blog-backend/src/users/users.service.ts": {"path":"/home/suttipongse/Work/self/mini-blog-backend/src/users/users.service.ts","statementMap":{"0":{"start":{"line":1,"column":0},"end":{"line":1,"column":44}},"1":{"start":{"line":2,"column":0},"end":{"line":2,"column":42}},"2":{"start":{"line":3,"column":0},"end":{"line":3,"column":51}},"3":{"start":{"line":4,"column":0},"end":{"line":4,"column":45}},"4":{"start":{"line":10,"column":0},"end":{"line":58,"column":null}},"5":{"start":{"line":13,"column":21},"end":{"line":13,"column":38}},"6":{"start":{"line":16,"column":4},"end":{"line":24,"column":null}},"7":{"start":{"line":17,"column":6},"end":{"line":23,"column":null}},"8":{"start":{"line":18,"column":8},"end":{"line":23,"column":null}},"9":{"start":{"line":28,"column":17},"end":{"line":28,"column":65}},"10":{"start":{"line":29,"column":4},"end":{"line":29,"column":27}},"11":{"start":{"line":29,"column":15},"end":{"line":29,"column":27}},"12":{"start":{"line":31,"column":17},"end":{"line":31,"column":53}},"13":{"start":{"line":32,"column":4},"end":{"line":32,"column":27}},"14":{"start":{"line":32,"column":15},"end":{"line":32,"column":27}},"15":{"start":{"line":34,"column":4},"end":{"line":34,"column":35}},"16":{"start":{"line":39,"column":4},"end":{"line":39,"column":null}},"17":{"start":{"line":43,"column":4},"end":{"line":43,"column":null}},"18":{"start":{"line":47,"column":4},"end":{"line":47,"column":null}},"19":{"start":{"line":51,"column":17},"end":{"line":51,"column":28}},"20":{"start":{"line":52,"column":4},"end":{"line":52,"column":null}},"21":{"start":{"line":53,"column":4},"end":{"line":53,"column":null}},"22":{"start":{"line":54,"column":4},"end":{"line":54,"column":null}},"23":{"start":{"line":55,"column":4},"end":{"line":55,"column":null}},"24":{"start":{"line":56,"column":4},"end":{"line":56,"column":43}},"25":{"start":{"line":10,"column":13},"end":{"line":58,"column":null}},"26":{"start":{"line":10,"column":13},"end":{"line":10,"column":25}}},"fnMap":{"0":{"name":"(anonymous_4)","decl":{"start":{"line":11,"column":2},"end":{"line":11,"column":null}},"loc":{"start":{"line":13,"column":60},"end":{"line":25,"column":3}}},"1":{"name":"(anonymous_5)","decl":{"start":{"line":16,"column":57},"end":{"line":16,"column":58}},"loc":{"start":{"line":16,"column":66},"end":{"line":24,"column":5}}},"2":{"name":"(anonymous_6)","decl":{"start":{"line":27,"column":2},"end":{"line":27,"column":7}},"loc":{"start":{"line":27,"column":48},"end":{"line":35,"column":3}}},"3":{"name":"(anonymous_7)","decl":{"start":{"line":38,"column":2},"end":{"line":38,"column":7}},"loc":{"start":{"line":38,"column":32},"end":{"line":40,"column":3}}},"4":{"name":"(anonymous_8)","decl":{"start":{"line":42,"column":2},"end":{"line":42,"column":7}},"loc":{"start":{"line":42,"column":33},"end":{"line":44,"column":3}}},"5":{"name":"(anonymous_9)","decl":{"start":{"line":46,"column":2},"end":{"line":46,"column":7}},"loc":{"start":{"line":46,"column":15},"end":{"line":48,"column":3}}},"6":{"name":"(anonymous_10)","decl":{"start":{"line":50,"column":2},"end":{"line":50,"column":7}},"loc":{"start":{"line":50,"column":31},"end":{"line":57,"column":3}}}},"branchMap":{"0":{"loc":{"start":{"line":17,"column":6},"end":{"line":23,"column":null}},"type":"if","locations":[{"start":{"line":17,"column":6},"end":{"line":23,"column":null}},{"start":{"line":17,"column":6},"end":{"line":23,"column":null}}]},"1":{"loc":{"start":{"line":29,"column":4},"end":{"line":29,"column":27}},"type":"if","locations":[{"start":{"line":29,"column":4},"end":{"line":29,"column":27}},{"start":{"line":29,"column":4},"end":{"line":29,"column":27}}]},"2":{"loc":{"start":{"line":32,"column":4},"end":{"line":32,"column":27}},"type":"if","locations":[{"start":{"line":32,"column":4},"end":{"line":32,"column":27}},{"start":{"line":32,"column":4},"end":{"line":32,"column":27}}]}},"s":{"0":4,"1":4,"2":4,"3":4,"4":4,"5":14,"6":14,"7":14,"8":14,"9":5,"10":5,"11":2,"12":3,"13":3,"14":2,"15":1,"16":2,"17":2,"18":2,"19":16,"20":16,"21":16,"22":16,"23":16,"24":16,"25":4,"26":4},"f":{"0":14,"1":14,"2":5,"3":2,"4":2,"5":2,"6":16},"b":{"0":[14,0],"1":[2,3],"2":[2,1]}}
,"/home/suttipongse/Work/self/mini-blog-backend/src/users/dto/users.input.ts": {"path":"/home/suttipongse/Work/self/mini-blog-backend/src/users/dto/users.input.ts","statementMap":{"0":{"start":{"line":1,"column":0},"end":{"line":1,"column":45}},"1":{"start":{"line":10,"column":4},"end":{"line":10,"column":null}},"2":{"start":{"line":11,"column":4},"end":{"line":11,"column":null}},"3":{"start":{"line":5,"column":2},"end":{"line":5,"column":null}},"4":{"start":{"line":7,"column":2},"end":{"line":7,"column":null}},"5":{"start":{"line":3,"column":0},"end":{"line":3,"column":13}},"6":{"start":{"line":18,"column":2},"end":{"line":18,"column":null}},"7":{"start":{"line":20,"column":2},"end":{"line":20,"column":null}},"8":{"start":{"line":16,"column":0},"end":{"line":16,"column":13}}},"fnMap":{"0":{"name":"(anonymous_2)","decl":{"start":{"line":9,"column":2},"end":{"line":9,"column":14}},"loc":{"start":{"line":9,"column":48},"end":{"line":12,"column":3}}}},"branchMap":{},"s":{"0":2,"1":3,"2":3,"3":2,"4":2,"5":2,"6":2,"7":2,"8":2},"f":{"0":3},"b":{}}
,"/home/suttipongse/Work/self/mini-blog-backend/src/users/dto/users.reponse.ts": {"path":"/home/suttipongse/Work/self/mini-blog-backend/src/users/dto/users.reponse.ts","statementMap":{"0":{"start":{"line":1,"column":0},"end":{"line":1,"column":46}},"1":{"start":{"line":5,"column":2},"end":{"line":5,"column":null}},"2":{"start":{"line":7,"column":2},"end":{"line":7,"column":null}},"3":{"start":{"line":9,"column":2},"end":{"line":9,"column":null}},"4":{"start":{"line":11,"column":2},"end":{"line":11,"column":null}},"5":{"start":{"line":3,"column":0},"end":{"line":3,"column":13}},"6":{"start":{"line":16,"column":2},"end":{"line":16,"column":null}},"7":{"start":{"line":18,"column":2},"end":{"line":18,"column":null}},"8":{"start":{"line":14,"column":0},"end":{"line":14,"column":13}}},"fnMap":{},"branchMap":{},"s":{"0":4,"1":4,"2":4,"3":4,"4":4,"5":4,"6":4,"7":4,"8":4},"f":{},"b":{}}
,"/home/suttipongse/Work/self/mini-blog-backend/src/users/models/users.model.ts": {"path":"/home/suttipongse/Work/self/mini-blog-backend/src/users/models/users.model.ts","statementMap":{"0":{"start":{"line":1,"column":0},"end":{"line":1,"column":89}},"1":{"start":{"line":2,"column":0},"end":{"line":2,"column":33}},"2":{"start":{"line":4,"column":0},"end":{"line":4,"column":35}},"3":{"start":{"line":7,"column":0},"end":{"line":41,"column":null}},"4":{"start":{"line":28,"column":4},"end":{"line":28,"column":57}},"5":{"start":{"line":32,"column":4},"end":{"line":32,"column":56}},"6":{"start":{"line":36,"column":43},"end":{"line":36,"column":47}},"7":{"start":{"line":37,"column":35},"end":{"line":37,"column":84}},"8":{"start":{"line":39,"column":4},"end":{"line":39,"column":26}},"9":{"start":{"line":9,"column":2},"end":{"line":9,"column":null}},"10":{"start":{"line":12,"column":2},"end":{"line":12,"column":null}},"11":{"start":{"line":15,"column":2},"end":{"line":15,"column":null}},"12":{"start":{"line":18,"column":2},"end":{"line":18,"column":null}},"13":{"start":{"line":21,"column":2},"end":{"line":21,"column":null}},"14":{"start":{"line":24,"column":2},"end":{"line":24,"column":null}},"15":{"start":{"line":27,"column":2},"end":{"line":29,"column":null}},"16":{"start":{"line":7,"column":13},"end":{"line":41,"column":null}},"17":{"start":{"line":7,"column":13},"end":{"line":7,"column":18}}},"fnMap":{"0":{"name":"(anonymous_8)","decl":{"start":{"line":27,"column":2},"end":{"line":27,"column":7}},"loc":{"start":{"line":27,"column":20},"end":{"line":29,"column":3}}},"1":{"name":"(anonymous_9)","decl":{"start":{"line":31,"column":2},"end":{"line":31,"column":7}},"loc":{"start":{"line":31,"column":39},"end":{"line":33,"column":3}}},"2":{"name":"(anonymous_10)","decl":{"start":{"line":35,"column":2},"end":{"line":35,"column":18}},"loc":{"start":{"line":35,"column":18},"end":{"line":40,"column":3}}}},"branchMap":{},"s":{"0":4,"1":4,"2":4,"3":4,"4":0,"5":0,"6":5,"7":5,"8":5,"9":4,"10":4,"11":4,"12":4,"13":4,"14":4,"15":4,"16":4,"17":4},"f":{"0":0,"1":0,"2":5},"b":{}}
}
